<?xml version="1.0" encoding="UTF-8"?>
<!-- Generated by org.testng.reporters.JUnitReportReporter -->
<testsuite hostname="Ankita" failures="0" tests="1" name="Demo2.Practice" time="0.013" errors="0" timestamp="2023-08-03T20:42:30 IST" skipped="0">
  <testcase classname="Demo2.Practice" name="test" time="0.013"/>
  <system-out/>
</testsuite> <!-- Demo2.Practice -->
