<?xml version="1.0" encoding="UTF-8"?>
<!-- Generated by org.testng.reporters.JUnitReportReporter -->
<testsuite hostname="Ankita" failures="0" tests="1" name="Demo.FlipkartLogin" time="5.884" errors="0" timestamp="2023-07-19T14:48:25 IST" skipped="0">
  <testcase classname="Demo.FlipkartLogin" name="login" time="5.884"/>
  <system-out/>
</testsuite> <!-- Demo.FlipkartLogin -->
