<?xml version="1.0" encoding="UTF-8"?>
<!-- Generated by org.testng.reporters.JUnitReportReporter -->
<testsuite hostname="Ankita" failures="0" tests="2" name="Demo.FlipkartLoginTest" time="179.696" errors="0" timestamp="2023-08-02T20:06:31 IST" skipped="0">
  <testcase classname="Demo.FlipkartLoginTest" name="login2fb" time="87.866"/>
  <system-out/>
  <testcase classname="Demo.FlipkartLoginTest" name="login" time="91.830"/>
  <system-out/>
</testsuite> <!-- Demo.FlipkartLoginTest -->
